<?xml version="1.0" encoding="UTF-8"?>
<!-- Generated by org.testng.reporters.JUnitReportReporter -->
<testsuite hostname="LAPTOP-592MAVU8" failures="0" tests="2" name="com.test.FirstTest" time="25.834" errors="0" timestamp="2022-10-08T15:17:46 IST" skipped="0">
  <testcase classname="com.test.FirstTest" name="testfacebook" time="14.805"/>
  <system-out/>
  <testcase classname="com.test.FirstTest" name="testGoogle" time="11.029"/>
  <system-out/>
</testsuite> <!-- com.test.FirstTest -->
