<?xml version="1.0" encoding="UTF-8"?>
<!-- Generated by org.testng.reporters.JUnitReportReporter -->
<testsuite hostname="LAPTOP-592MAVU8" failures="0" tests="1" name="com.test.AnnotationTest" time="0.007" errors="0" timestamp="2022-10-13T20:44:59 IST" skipped="0">
  <testcase classname="com.test.AnnotationTest" name="TEST" time="0.007"/>
  <system-out/>
</testsuite> <!-- com.test.AnnotationTest -->
