<?xml version="1.0" encoding="UTF-8"?>
<!-- Generated by org.testng.reporters.JUnitReportReporter -->
<testsuite hostname="LAPTOP-592MAVU8" failures="0" tests="1" name="com.test.OrangeHRmAssertTest" time="21.688" errors="0" timestamp="2022-10-08T16:49:02 IST" skipped="0">
  <testcase classname="com.test.OrangeHRmAssertTest" name="verifyLogIn" time="21.688"/>
  <system-out/>
</testsuite> <!-- com.test.OrangeHRmAssertTest -->
