<?xml version="1.0" encoding="UTF-8"?>
<!-- Generated by org.testng.reporters.JUnitReportReporter -->
<testsuite hostname="LAPTOP-592MAVU8" failures="0" tests="5" name="com.test.IngnoreTest2" time="0.021" errors="0" timestamp="2022-10-18T16:28:00 IST" skipped="0">
  <testcase classname="com.test.IngnoreTest2" name="test9" time="0.003"/>
  <system-out/>
  <testcase classname="com.test.IngnoreTest2" name="test10" time="0.012"/>
  <system-out/>
  <testcase classname="com.test.IngnoreTest2" name="test7" time="0.001"/>
  <system-out/>
  <testcase classname="com.test.IngnoreTest2" name="test8" time="0.002"/>
  <system-out/>
  <testcase classname="com.test.IngnoreTest2" name="test6" time="0.003"/>
  <system-out/>
</testsuite> <!-- com.test.IngnoreTest2 -->
