<?xml version="1.0" encoding="UTF-8"?>
<!-- Generated by org.testng.reporters.JUnitReportReporter -->
<testsuite hostname="LAPTOP-592MAVU8" failures="0" tests="3" name="groupTest.GroupTest1" time="0.018" errors="0" timestamp="2022-10-19T18:41:12 IST" skipped="0">
  <testcase classname="groupTest.GroupTest1" name="Test5" time="0.002"/>
  <system-out/>
  <testcase classname="groupTest.GroupTest1" name="Test4" time="0.002"/>
  <system-out/>
  <testcase classname="groupTest.GroupTest1" name="Test3" time="0.014"/>
  <system-out/>
</testsuite> <!-- groupTest.GroupTest1 -->
