<?xml version="1.0" encoding="UTF-8"?>
<!-- Generated by org.testng.reporters.JUnitReportReporter -->
<testsuite hostname="LAPTOP-592MAVU8" failures="0" tests="1" name="com.test.Practise" time="8.129" errors="0" timestamp="2022-12-29T00:29:31 IST" skipped="0">
  <testcase classname="com.test.Practise" name="test1" time="8.129"/>
  <system-out/>
</testsuite> <!-- com.test.Practise -->
