<?xml version="1.0" encoding="UTF-8"?>
<!-- Generated by org.testng.reporters.JUnitReportReporter -->
<testsuite hostname="LAPTOP-592MAVU8" failures="0" tests="7" name="groupTest.GroupTest2" time="0.009" errors="0" timestamp="2022-10-19T18:41:12 IST" skipped="0">
  <testcase classname="groupTest.GroupTest2" name="Test12" time="0.001"/>
  <system-out/>
  <testcase classname="groupTest.GroupTest2" name="Test9" time="0.002"/>
  <system-out/>
  <testcase classname="groupTest.GroupTest2" name="Test9" time="0.001"/>
  <system-out/>
  <testcase classname="groupTest.GroupTest2" name="Test8" time="0.002"/>
  <system-out/>
  <testcase classname="groupTest.GroupTest2" name="Test8" time="0.001"/>
  <system-out/>
  <testcase classname="groupTest.GroupTest2" name="Test11" time="0.001"/>
  <system-out/>
  <testcase classname="groupTest.GroupTest2" name="Test11" time="0.001"/>
  <system-out/>
</testsuite> <!-- groupTest.GroupTest2 -->
