<?xml version="1.0" encoding="UTF-8"?>
<!-- Generated by org.testng.reporters.JUnitReportReporter -->
<testsuite hostname="LAPTOP-592MAVU8" failures="0" tests="5" name="com.test.IngnoreTest" time="0.014" errors="0" timestamp="2022-10-18T16:20:43 IST" skipped="3">
  <testcase classname="com.test.IngnoreTest" name="test3" time="0.001"/>
  <system-out/>
  <testcase classname="com.test.IngnoreTest" name="test1" time="0.013"/>
  <system-out/>
  <testcase classname="com.test.IngnoreTest" name="test5">
    <skipped/>
  </testcase> <!-- test5 -->
  <system-out/>
  <testcase classname="com.test.IngnoreTest" name="test4">
    <skipped/>
  </testcase> <!-- test4 -->
  <system-out/>
  <testcase classname="com.test.IngnoreTest" name="test2">
    <skipped/>
  </testcase> <!-- test2 -->
  <system-out/>
</testsuite> <!-- com.test.IngnoreTest -->
