<?xml version="1.0" encoding="UTF-8"?>
<!-- Generated by org.testng.reporters.JUnitReportReporter -->
<testsuite hostname="LAPTOP-592MAVU8" failures="0" tests="5" name="PractiseParameters.googleAndFlipkart" time="11.609" errors="0" timestamp="2022-12-10T20:06:55 IST" skipped="0">
  <testcase classname="PractiseParameters.googleAndFlipkart" name="Enterurl" time="1.253"/>
  <system-out/>
  <testcase classname="PractiseParameters.googleAndFlipkart" name="VerifyTitle" time="4.934"/>
  <system-out/>
  <testcase classname="PractiseParameters.googleAndFlipkart" name="VerifyWikititle" time="0.021"/>
  <system-out/>
  <testcase classname="PractiseParameters.googleAndFlipkart" name="Enterurl" time="0.866"/>
  <system-out/>
  <testcase classname="PractiseParameters.googleAndFlipkart" name="VerifyTitle" time="4.535"/>
  <system-out/>
</testsuite> <!-- PractiseParameters.googleAndFlipkart -->
