<?xml version="1.0" encoding="UTF-8"?>
<!-- Generated by org.testng.reporters.JUnitReportReporter -->
<testsuite hostname="LAPTOP-592MAVU8" failures="0" tests="8" name="com.test.OptionalParameterAnnotaion2" time="21.926" errors="0" timestamp="2022-10-17T19:53:49 IST" skipped="0">
  <testcase classname="com.test.OptionalParameterAnnotaion2" name="launchApp" time="6.736"/>
  <system-out/>
  <testcase classname="com.test.OptionalParameterAnnotaion2" name="launchApp" time="6.500"/>
  <system-out/>
  <testcase classname="com.test.OptionalParameterAnnotaion2" name="EnterLoginInfo" time="1.043"/>
  <system-out/>
  <testcase classname="com.test.OptionalParameterAnnotaion2" name="EnterLoginInfo" time="1.040"/>
  <system-out/>
  <testcase classname="com.test.OptionalParameterAnnotaion2" name="verifylogin" time="2.822"/>
  <system-out/>
  <testcase classname="com.test.OptionalParameterAnnotaion2" name="verifylogin" time="2.899"/>
  <system-out/>
  <testcase classname="com.test.OptionalParameterAnnotaion2" name="NavigateToInfo" time="0.826"/>
  <system-out/>
  <testcase classname="com.test.OptionalParameterAnnotaion2" name="VerifyMyInfo" time="0.060"/>
  <system-out/>
</testsuite> <!-- com.test.OptionalParameterAnnotaion2 -->
