<?xml version="1.0" encoding="UTF-8"?>
<!-- Generated by org.testng.reporters.JUnitReportReporter -->
<testsuite hostname="LAPTOP-592MAVU8" failures="0" tests="4" name="com.test.Dataprovider3" time="0.014" errors="0" timestamp="2022-12-16T17:56:19 IST" skipped="0">
  <testcase classname="com.test.Dataprovider3" name="verifyData" time="0.002"/>
  <system-out/>
  <testcase classname="com.test.Dataprovider3" name="verifyData" time="0.011"/>
  <system-out/>
  <testcase classname="com.test.Dataprovider3" name="verifyData" time="0.001"/>
  <system-out/>
  <testcase classname="com.test.Dataprovider3" name="verifyData" time="0.000"/>
  <system-out/>
</testsuite> <!-- com.test.Dataprovider3 -->
