<?xml version="1.0" encoding="UTF-8"?>
<!-- Generated by org.testng.reporters.JUnitReportReporter -->
<testsuite hostname="LAPTOP-592MAVU8" failures="0" tests="3" name="com.test.OrangeHrmTest" time="36.462" errors="0" timestamp="2022-10-08T15:17:46 IST" skipped="0">
  <testcase classname="com.test.OrangeHrmTest" name="VerifyMysearch" time="7.021"/>
  <system-out/>
  <testcase classname="com.test.OrangeHrmTest" name="LoginHrm" time="6.758"/>
  <system-out/>
  <testcase classname="com.test.OrangeHrmTest" name="verifyLogIN" time="22.683"/>
  <system-out/>
</testsuite> <!-- com.test.OrangeHrmTest -->
