<?xml version="1.0" encoding="UTF-8"?>
<!-- Generated by org.testng.reporters.JUnitReportReporter -->
<testsuite hostname="LAPTOP-592MAVU8" failures="0" tests="8" name="com.test.Annotaition2" time="18.547" errors="0" timestamp="2022-10-13T20:28:22 IST" skipped="0">
  <testcase classname="com.test.Annotaition2" name="launchApp" time="3.518"/>
  <system-out/>
  <testcase classname="com.test.Annotaition2" name="launchApp" time="6.200"/>
  <system-out/>
  <testcase classname="com.test.Annotaition2" name="EnterLoginInfo" time="0.949"/>
  <system-out/>
  <testcase classname="com.test.Annotaition2" name="EnterLoginInfo" time="0.762"/>
  <system-out/>
  <testcase classname="com.test.Annotaition2" name="verifylogin" time="2.996"/>
  <system-out/>
  <testcase classname="com.test.Annotaition2" name="verifylogin" time="2.796"/>
  <system-out/>
  <testcase classname="com.test.Annotaition2" name="NavigateToInfo" time="1.274"/>
  <system-out/>
  <testcase classname="com.test.Annotaition2" name="VerifyMyInfo" time="0.052"/>
  <system-out/>
</testsuite> <!-- com.test.Annotaition2 -->
