<?xml version="1.0" encoding="UTF-8"?>
<!-- Generated by org.testng.reporters.JUnitReportReporter -->
<testsuite hostname="LAPTOP-592MAVU8" failures="0" tests="6" name="com.test.PriorityNewTest" time="0.038" errors="0" timestamp="2022-10-16T19:38:12 IST" skipped="0">
  <testcase classname="com.test.PriorityNewTest" name="SignUp" time="0.026"/>
  <system-out/>
  <testcase classname="com.test.PriorityNewTest" name="Login" time="0.004"/>
  <system-out/>
  <testcase classname="com.test.PriorityNewTest" name="ChekingForPrice" time="0.002"/>
  <system-out/>
  <testcase classname="com.test.PriorityNewTest" name="ChekingForFlight" time="0.002"/>
  <system-out/>
  <testcase classname="com.test.PriorityNewTest" name="BookTicket" time="0.002"/>
  <system-out/>
  <testcase classname="com.test.PriorityNewTest" name="LogOut" time="0.002"/>
  <system-out/>
</testsuite> <!-- com.test.PriorityNewTest -->
